Phase 2 Architecture Verification Log
-------------------------------------

Date: 2026-03-15
Project: OCR Rebuild
Phase: 2 — Architecture

Verified Documents:

1. phase2_logical_architecture.md
   - Augmented with:
     - Performance / benchmark placeholders
     - Upload flexibility (continuous and page-by-page)
     - Client failure handling guidance
     - Canonical schema compliance
     - Modular and extensible pipelines

2. phase2_hybrid_workflow.mmd
   - Augmented with:
     - Pipeline output nodes (OCR, tables, logos, fraud)
     - Client notification / failure points
     - Consistent with logical architecture
     - Solution boundaries visually defined

Verification Status: ✅ Complete and consistent with Evaluation Framework.

Notes:
- All S3 paths confirmed
- Admin-role session verified
- Files ready for reference by future design chats
